<?xml version="1.0" encoding="UTF-8"?>
<!-- Generated by org.testng.reporters.JUnitXMLReporter -->
<testsuite ignored="0" hostname="AshishPC" failures="0" tests="4" name="Test" time="0.052" errors="0" timestamp="2020-05-13T13:15:05 IST">
  <testcase classname="qaclickacademy.SeleniumTest" name="browserAutomation" time="0.004"/>
  <testcase classname="qaclickacademy.SeleniumTest" name="elementUI" time="0.0"/>
  <testcase classname="qaclickacademy.RESTAPITest" name="deleteTwitter" time="0.004"/>
  <testcase classname="qaclickacademy.RESTAPITest" name="postJira" time="0.0"/>
</testsuite> <!-- Test -->
