<?xml version="1.0" encoding="UTF-8"?>
<testng-results ignored="0" total="4" passed="4" failed="0" skipped="0">
  <reporter-output>
  </reporter-output>
  <suite started-at="2020-05-13T13:15:04 IST" name="Suite" finished-at="2020-05-13T13:15:05 IST" duration-ms="52">
    <groups>
    </groups>
    <test started-at="2020-05-13T13:15:04 IST" name="Test" finished-at="2020-05-13T13:15:05 IST" duration-ms="52">
      <class name="qaclickacademy.RESTAPITest">
        <test-method signature="deleteTwitter()[pri:0, instance:qaclickacademy.RESTAPITest@37271612]" started-at="2020-05-13T13:15:04 IST" name="deleteTwitter" finished-at="2020-05-13T13:15:05 IST" duration-ms="4" status="PASS">
          <reporter-output>
          </reporter-output>
        </test-method> <!-- deleteTwitter -->
        <test-method signature="postJira()[pri:0, instance:qaclickacademy.RESTAPITest@37271612]" started-at="2020-05-13T13:15:05 IST" name="postJira" finished-at="2020-05-13T13:15:05 IST" duration-ms="0" status="PASS">
          <reporter-output>
          </reporter-output>
        </test-method> <!-- postJira -->
      </class> <!-- qaclickacademy.RESTAPITest -->
      <class name="qaclickacademy.SeleniumTest">
        <test-method signature="browserAutomation()[pri:0, instance:qaclickacademy.SeleniumTest@3af9c5b7]" started-at="2020-05-13T13:15:04 IST" name="browserAutomation" finished-at="2020-05-13T13:15:04 IST" duration-ms="4" status="PASS">
          <reporter-output>
          </reporter-output>
        </test-method> <!-- browserAutomation -->
        <test-method signature="elementUI()[pri:0, instance:qaclickacademy.SeleniumTest@3af9c5b7]" started-at="2020-05-13T13:15:04 IST" name="elementUI" finished-at="2020-05-13T13:15:04 IST" duration-ms="0" status="PASS">
          <reporter-output>
          </reporter-output>
        </test-method> <!-- elementUI -->
      </class> <!-- qaclickacademy.SeleniumTest -->
    </test> <!-- Test -->
  </suite> <!-- Suite -->
</testng-results>
